2026-03-28 10:31:09,197 WARN  [org.apache.activemq.artemis.core.server] AMQ222018: AIO was not located on this platform, it will fall back to using pure Java NIO. If your platform is Linux, install LibAIO to enable the AIO journal
2026-03-28 10:31:09,213 WARN  [org.apache.activemq.artemis.core.server] AMQ222269: Please use a fixed value for "journal-pool-files". Default changed per https://issues.apache.org/jira/browse/ARTEMIS-1628
2026-03-28 10:31:09,608 INFO  [org.apache.activemq.artemis.integration.bootstrap] AMQ101000: Starting Apache Artemis Server version 2.53.0
2026-03-28 10:31:10,761 INFO  [org.apache.activemq.artemis.core.server] AMQ221000: Backup message broker is starting with configuration Broker Configuration (clustered=true,journalDirectory=data/journal,bindingsDirectory=data/bindings,largeMessagesDirectory=data/large-messages,pagingDirectory=data/paging)
2026-03-28 10:31:10,809 INFO  [org.apache.activemq.artemis.core.server] AMQ222162: Moving data directory C:\Users\vanma\IdeaProjects\artemis-ha-demo\instances\broker-backup\data\journal to C:\Users\vanma\IdeaProjects\artemis-ha-demo\instances\broker-backup\data\journal\oldreplica.1
2026-03-28 10:31:10,895 INFO  [org.apache.activemq.artemis.core.server] AMQ221013: Using NIO Journal
2026-03-28 10:31:11,024 WARN  [org.apache.activemq.artemis.core.server] AMQ222007: Security risk! Apache Artemis is running with the default cluster admin user and default password. Please see the cluster chapter in the Artemis User Guide for instructions on how to change this.
2026-03-28 10:31:11,192 INFO  [org.apache.activemq.artemis.core.server] AMQ221057: Global Max Size is being adjusted to 1/2 of the JVM max size (-Xmx). being defined as 1073741824
2026-03-28 10:31:11,454 INFO  [org.apache.activemq.artemis.core.server] AMQ221043: Protocol module found: [artemis-server]. Adding protocol support for: CORE
2026-03-28 10:31:11,456 INFO  [org.apache.activemq.artemis.core.server] AMQ221043: Protocol module found: [artemis-amqp-protocol]. Adding protocol support for: AMQP
2026-03-28 10:31:11,512 INFO  [org.apache.activemq.artemis.core.server] AMQ221043: Protocol module found: [artemis-hornetq-protocol]. Adding protocol support for: HORNETQ
2026-03-28 10:31:11,587 INFO  [org.apache.activemq.artemis.core.server] AMQ221043: Protocol module found: [artemis-mqtt-protocol]. Adding protocol support for: MQTT
2026-03-28 10:31:11,673 INFO  [org.apache.activemq.artemis.core.server] AMQ221043: Protocol module found: [artemis-openwire-protocol]. Adding protocol support for: OPENWIRE
2026-03-28 10:31:11,675 INFO  [org.apache.activemq.artemis.core.server] AMQ221043: Protocol module found: [artemis-stomp-protocol]. Adding protocol support for: STOMP
2026-03-28 10:31:33,252 INFO  [org.apache.activemq.artemis.core.server] AMQ221109: Apache Artemis Backup Server version 2.53.0 [null] started; waiting for primary to fail before activating
2026-03-28 10:31:34,904 INFO  [org.apache.activemq.artemis.core.server] AMQ221024: Backup server ActiveMQServerImpl::name=backup-broker is synchronized with primary server, nodeID=2d78b4cd-2a63-11f1-a10a-0a0027000007.
2026-03-28 10:31:34,933 INFO  [org.apache.activemq.artemis.core.server] AMQ221031: backup announced
2026-03-28 10:43:22,895 INFO  [org.apache.activemq.artemis.core.server] AMQ221002: Apache Artemis Message Broker version 2.53.0 [2d78b4cd-2a63-11f1-a10a-0a0027000007] stopped, uptime 12 minutes
2026-03-28 16:56:36,278 WARN  [org.apache.activemq.artemis.core.server] AMQ222018: AIO was not located on this platform, it will fall back to using pure Java NIO. If your platform is Linux, install LibAIO to enable the AIO journal
2026-03-28 16:56:36,294 WARN  [org.apache.activemq.artemis.core.server] AMQ222269: Please use a fixed value for "journal-pool-files". Default changed per https://issues.apache.org/jira/browse/ARTEMIS-1628
2026-03-28 16:56:36,509 INFO  [org.apache.activemq.artemis.integration.bootstrap] AMQ101000: Starting Apache Artemis Server version 2.53.0
2026-03-28 16:56:36,565 INFO  [org.apache.activemq.artemis.core.server] AMQ221000: Backup message broker is starting with configuration Broker Configuration (clustered=true,journalDirectory=data/journal,bindingsDirectory=data/bindings,largeMessagesDirectory=data/large-messages,pagingDirectory=data/paging)
2026-03-28 16:56:36,616 INFO  [org.apache.activemq.artemis.core.server] AMQ222162: Moving data directory C:\Users\vanma\IdeaProjects\artemis-ha-demo\instances\broker-backup\data\bindings to C:\Users\vanma\IdeaProjects\artemis-ha-demo\instances\broker-backup\data\bindings\oldreplica.1
2026-03-28 16:56:36,628 INFO  [org.apache.activemq.artemis.core.server] AMQ222162: Moving data directory C:\Users\vanma\IdeaProjects\artemis-ha-demo\instances\broker-backup\data\journal to C:\Users\vanma\IdeaProjects\artemis-ha-demo\instances\broker-backup\data\journal\oldreplica.2
2026-03-28 16:56:36,760 INFO  [org.apache.activemq.artemis.core.server] AMQ221013: Using NIO Journal
2026-03-28 16:56:36,853 WARN  [org.apache.activemq.artemis.core.server] AMQ222007: Security risk! Apache Artemis is running with the default cluster admin user and default password. Please see the cluster chapter in the Artemis User Guide for instructions on how to change this.
2026-03-28 16:56:36,921 INFO  [org.apache.activemq.artemis.core.server] AMQ221057: Global Max Size is being adjusted to 1/2 of the JVM max size (-Xmx). being defined as 1073741824
2026-03-28 16:56:37,201 INFO  [org.apache.activemq.artemis.core.server] AMQ221043: Protocol module found: [artemis-server]. Adding protocol support for: CORE
2026-03-28 16:56:37,203 INFO  [org.apache.activemq.artemis.core.server] AMQ221043: Protocol module found: [artemis-amqp-protocol]. Adding protocol support for: AMQP
2026-03-28 16:56:37,204 INFO  [org.apache.activemq.artemis.core.server] AMQ221043: Protocol module found: [artemis-hornetq-protocol]. Adding protocol support for: HORNETQ
2026-03-28 16:56:37,206 INFO  [org.apache.activemq.artemis.core.server] AMQ221043: Protocol module found: [artemis-mqtt-protocol]. Adding protocol support for: MQTT
2026-03-28 16:56:37,207 INFO  [org.apache.activemq.artemis.core.server] AMQ221043: Protocol module found: [artemis-openwire-protocol]. Adding protocol support for: OPENWIRE
2026-03-28 16:56:37,209 INFO  [org.apache.activemq.artemis.core.server] AMQ221043: Protocol module found: [artemis-stomp-protocol]. Adding protocol support for: STOMP
2026-03-28 16:56:37,694 INFO  [org.apache.activemq.artemis.core.server] AMQ221109: Apache Artemis Backup Server version 2.53.0 [null] started; waiting for primary to fail before activating
2026-03-28 16:56:38,834 INFO  [org.apache.activemq.artemis.core.server] AMQ221024: Backup server ActiveMQServerImpl::name=backup-broker is synchronized with primary server, nodeID=2d78b4cd-2a63-11f1-a10a-0a0027000007.
2026-03-28 16:56:38,848 INFO  [org.apache.activemq.artemis.core.server] AMQ221031: backup announced
2026-03-28 17:43:48,892 INFO  [org.apache.activemq.artemis.core.server] AMQ221002: Apache Artemis Message Broker version 2.53.0 [2d78b4cd-2a63-11f1-a10a-0a0027000007] stopped, uptime 47 minutes
2026-03-28 17:53:14,607 WARN  [org.apache.activemq.artemis.core.server] AMQ222018: AIO was not located on this platform, it will fall back to using pure Java NIO. If your platform is Linux, install LibAIO to enable the AIO journal
2026-03-28 17:53:14,614 WARN  [org.apache.activemq.artemis.core.server] AMQ222269: Please use a fixed value for "journal-pool-files". Default changed per https://issues.apache.org/jira/browse/ARTEMIS-1628
2026-03-28 17:53:14,879 INFO  [org.apache.activemq.artemis.integration.bootstrap] AMQ101000: Starting Apache Artemis Server version 2.53.0
2026-03-28 17:53:14,916 INFO  [org.apache.activemq.artemis.core.server] AMQ221000: Backup message broker is starting with configuration Broker Configuration (clustered=true,journalDirectory=data/journal,bindingsDirectory=data/bindings,largeMessagesDirectory=data/large-messages,pagingDirectory=data/paging)
2026-03-28 17:53:14,957 INFO  [org.apache.activemq.artemis.core.server] AMQ222162: Moving data directory C:\Users\vanma\IdeaProjects\artemis-ha-demo\instances\broker-backup\data\bindings to C:\Users\vanma\IdeaProjects\artemis-ha-demo\instances\broker-backup\data\bindings\oldreplica.2
2026-03-28 17:53:14,970 INFO  [org.apache.activemq.artemis.core.server] AMQ221055: There were too many old replicated folders upon startup, removing C:\Users\vanma\IdeaProjects\artemis-ha-demo\instances\broker-backup\data\journal\oldreplica.1
2026-03-28 17:53:14,975 INFO  [org.apache.activemq.artemis.core.server] AMQ222162: Moving data directory C:\Users\vanma\IdeaProjects\artemis-ha-demo\instances\broker-backup\data\journal to C:\Users\vanma\IdeaProjects\artemis-ha-demo\instances\broker-backup\data\journal\oldreplica.3
2026-03-28 17:53:15,001 INFO  [org.apache.activemq.artemis] AMQ241003: Starting embedded web server
2026-03-28 17:53:15,127 INFO  [org.apache.activemq.artemis.core.server] AMQ221013: Using NIO Journal
2026-03-28 17:53:15,218 WARN  [org.apache.activemq.artemis.core.server] AMQ222007: Security risk! Apache Artemis is running with the default cluster admin user and default password. Please see the cluster chapter in the Artemis User Guide for instructions on how to change this.
2026-03-28 17:53:15,320 INFO  [org.apache.activemq.artemis.core.server] AMQ221057: Global Max Size is being adjusted to 1/2 of the JVM max size (-Xmx). being defined as 1073741824
2026-03-28 17:53:15,589 INFO  [org.apache.activemq.artemis] AMQ241001: HTTP Server started at http://localhost:8162
2026-03-28 17:53:15,611 INFO  [org.apache.activemq.artemis.core.server] AMQ221043: Protocol module found: [artemis-server]. Adding protocol support for: CORE
2026-03-28 17:53:15,613 INFO  [org.apache.activemq.artemis.core.server] AMQ221043: Protocol module found: [artemis-amqp-protocol]. Adding protocol support for: AMQP
2026-03-28 17:53:15,614 INFO  [org.apache.activemq.artemis.core.server] AMQ221043: Protocol module found: [artemis-hornetq-protocol]. Adding protocol support for: HORNETQ
2026-03-28 17:53:15,615 INFO  [org.apache.activemq.artemis.core.server] AMQ221043: Protocol module found: [artemis-mqtt-protocol]. Adding protocol support for: MQTT
2026-03-28 17:53:15,617 INFO  [org.apache.activemq.artemis.core.server] AMQ221043: Protocol module found: [artemis-openwire-protocol]. Adding protocol support for: OPENWIRE
2026-03-28 17:53:15,619 INFO  [org.apache.activemq.artemis.core.server] AMQ221043: Protocol module found: [artemis-stomp-protocol]. Adding protocol support for: STOMP
2026-03-28 17:53:31,961 INFO  [org.apache.activemq.artemis.core.server] AMQ221109: Apache Artemis Backup Server version 2.53.0 [null] started; waiting for primary to fail before activating
2026-03-28 17:53:33,102 INFO  [org.apache.activemq.artemis.core.server] AMQ221024: Backup server ActiveMQServerImpl::name=backup-broker is synchronized with primary server, nodeID=2d78b4cd-2a63-11f1-a10a-0a0027000007.
2026-03-28 17:53:33,118 INFO  [org.apache.activemq.artemis.core.server] AMQ221031: backup announced
2026-03-28 17:57:09,017 INFO  [org.apache.activemq.artemis.core.server] AMQ224135: nodeID 2d78b4cd-2a63-11f1-a10a-0a0027000007 is closing. Topology update ignored
2026-03-28 17:57:09,021 INFO  [org.apache.activemq.artemis.core.server] AMQ221066: Initiating quorum vote: PrimaryFailoverQuorumVote
2026-03-28 17:57:09,025 INFO  [org.apache.activemq.artemis.core.server] AMQ221084: Requested 0 quorum votes
2026-03-28 17:57:09,026 INFO  [org.apache.activemq.artemis.core.server] AMQ221083: ignoring quorum vote as max cluster size is 1.
2026-03-28 17:57:09,029 INFO  [org.apache.activemq.artemis.core.server] AMQ221071: Failing over based on quorum vote results.
2026-03-28 17:57:09,041 INFO  [org.apache.activemq.artemis.core.client] AMQ214036: Connection closure to localhost/127.0.0.1:61616 has been detected: AMQ219015: The connection was disconnected because of server shutdown [code=DISCONNECTED]
2026-03-28 17:57:09,041 INFO  [org.apache.activemq.artemis.core.client] AMQ214036: Connection closure to localhost/127.0.0.1:61616 has been detected: AMQ219015: The connection was disconnected because of server shutdown [code=DISCONNECTED]
2026-03-28 17:57:09,060 INFO  [org.apache.activemq.artemis.core.server] AMQ221037: ActiveMQServerImpl::name=backup-broker to become 'active'
2026-03-28 17:57:09,302 WARN  [org.apache.activemq.artemis.core.server] AMQ222165: No Dead Letter Address configured for queue demo.queue in AddressSettings
2026-03-28 17:57:09,304 WARN  [org.apache.activemq.artemis.core.server] AMQ222166: No Expiry Address configured for queue demo.queue in AddressSettings
2026-03-28 17:57:09,513 INFO  [org.apache.activemq.artemis.core.server] AMQ221080: Deploying address demo.queue supporting [ANYCAST]
2026-03-28 17:57:09,516 INFO  [org.apache.activemq.artemis.core.server] AMQ221003: Deploying ANYCAST queue demo.queue on address demo.queue
2026-03-28 17:57:09,911 INFO  [org.apache.activemq.artemis.core.server] AMQ221007: Server is now active
2026-03-28 17:57:09,971 INFO  [org.apache.activemq.artemis.core.server] AMQ221020: Started NIO Acceptor at localhost:61617 for protocols [CORE,MQTT,AMQP,HORNETQ,STOMP,OPENWIRE]
2026-03-28 17:57:13,824 INFO  [org.apache.activemq.artemis] AMQ241005: Stopping embedded web server
2026-03-28 17:57:13,830 INFO  [org.apache.activemq.artemis] AMQ241006: Stopped embedded web server
2026-03-28 17:57:13,831 INFO  [org.apache.activemq.artemis.core.server] AMQ221002: Apache Artemis Message Broker version 2.53.0 [2d78b4cd-2a63-11f1-a10a-0a0027000007] stopped, uptime 3 minutes
2026-03-28 18:03:35,392 WARN  [org.apache.activemq.artemis.core.server] AMQ222018: AIO was not located on this platform, it will fall back to using pure Java NIO. If your platform is Linux, install LibAIO to enable the AIO journal
2026-03-28 18:03:35,403 WARN  [org.apache.activemq.artemis.core.server] AMQ222269: Please use a fixed value for "journal-pool-files". Default changed per https://issues.apache.org/jira/browse/ARTEMIS-1628
2026-03-28 18:03:35,646 INFO  [org.apache.activemq.artemis.integration.bootstrap] AMQ101000: Starting Apache Artemis Server version 2.53.0
2026-03-28 18:03:35,687 INFO  [org.apache.activemq.artemis.core.server] AMQ221000: Backup message broker is starting with configuration Broker Configuration (clustered=true,journalDirectory=data/journal,bindingsDirectory=data/bindings,largeMessagesDirectory=data/large-messages,pagingDirectory=data/paging)
2026-03-28 18:03:35,729 INFO  [org.apache.activemq.artemis.core.server] AMQ221055: There were too many old replicated folders upon startup, removing C:\Users\vanma\IdeaProjects\artemis-ha-demo\instances\broker-backup\data\bindings\oldreplica.1
2026-03-28 18:03:35,738 INFO  [org.apache.activemq.artemis.core.server] AMQ222162: Moving data directory C:\Users\vanma\IdeaProjects\artemis-ha-demo\instances\broker-backup\data\bindings to C:\Users\vanma\IdeaProjects\artemis-ha-demo\instances\broker-backup\data\bindings\oldreplica.3
2026-03-28 18:03:35,740 INFO  [org.apache.activemq.artemis] AMQ241003: Starting embedded web server
2026-03-28 18:03:35,751 INFO  [org.apache.activemq.artemis.core.server] AMQ221055: There were too many old replicated folders upon startup, removing C:\Users\vanma\IdeaProjects\artemis-ha-demo\instances\broker-backup\data\journal\oldreplica.2
2026-03-28 18:03:35,765 INFO  [org.apache.activemq.artemis.core.server] AMQ222162: Moving data directory C:\Users\vanma\IdeaProjects\artemis-ha-demo\instances\broker-backup\data\journal to C:\Users\vanma\IdeaProjects\artemis-ha-demo\instances\broker-backup\data\journal\oldreplica.4
2026-03-28 18:03:35,886 INFO  [org.apache.activemq.artemis.core.server] AMQ221013: Using NIO Journal
2026-03-28 18:03:35,966 WARN  [org.apache.activemq.artemis.core.server] AMQ222007: Security risk! Apache Artemis is running with the default cluster admin user and default password. Please see the cluster chapter in the Artemis User Guide for instructions on how to change this.
2026-03-28 18:03:36,051 INFO  [org.apache.activemq.artemis.core.server] AMQ221057: Global Max Size is being adjusted to 1/2 of the JVM max size (-Xmx). being defined as 1073741824
2026-03-28 18:03:36,331 INFO  [org.apache.activemq.artemis.core.server] AMQ221043: Protocol module found: [artemis-server]. Adding protocol support for: CORE
2026-03-28 18:03:36,333 INFO  [org.apache.activemq.artemis.core.server] AMQ221043: Protocol module found: [artemis-amqp-protocol]. Adding protocol support for: AMQP
2026-03-28 18:03:36,334 INFO  [org.apache.activemq.artemis.core.server] AMQ221043: Protocol module found: [artemis-hornetq-protocol]. Adding protocol support for: HORNETQ
2026-03-28 18:03:36,336 INFO  [org.apache.activemq.artemis.core.server] AMQ221043: Protocol module found: [artemis-mqtt-protocol]. Adding protocol support for: MQTT
2026-03-28 18:03:36,337 INFO  [org.apache.activemq.artemis.core.server] AMQ221043: Protocol module found: [artemis-openwire-protocol]. Adding protocol support for: OPENWIRE
2026-03-28 18:03:36,339 INFO  [org.apache.activemq.artemis.core.server] AMQ221043: Protocol module found: [artemis-stomp-protocol]. Adding protocol support for: STOMP
2026-03-28 18:03:36,888 INFO  [io.hawt.HawtioContextListener] Initialising Hawtio services
2026-03-28 18:03:36,896 INFO  [io.hawt.jmx.JmxTreeWatcher] Welcome to Hawtio 4.6.2
2026-03-28 18:03:36,915 INFO  [io.hawt.web.auth.AuthenticationConfiguration] Authentication throttling is enabled
2026-03-28 18:03:36,923 INFO  [io.hawt.web.auth.AuthenticationConfiguration] Starting Hawtio authentication filter, JAAS realm: "activemq" authorized role(s): amq, role principal class names: org.apache.activemq.artemis.spi.core.security.jaas.RolePrincipal
2026-03-28 18:03:36,924 INFO  [io.hawt.web.auth.AuthenticationConfiguration] Looking for OIDC configuration file in: C:\Users\vanma\IdeaProjects\artemis-ha-demo\instances\broker-backup\etc/hawtio-oidc.properties
2026-03-28 18:03:37,077 INFO  [io.hawt.web.auth.ClientRouteRedirectFilter] Hawtio ClientRouteRedirectFilter is using 1800 sec. HttpSession timeout
2026-03-28 18:03:37,241 INFO  [org.apache.activemq.artemis] AMQ241001: HTTP Server started at http://localhost:8162
2026-03-28 18:03:37,249 INFO  [org.apache.activemq.artemis] AMQ241002: Artemis Jolokia REST API available at http://localhost:8162/console/jolokia
2026-03-28 18:03:37,250 INFO  [org.apache.activemq.artemis] AMQ241004: Artemis Console available at http://localhost:8162/console
2026-03-28 18:03:52,200 INFO  [org.apache.activemq.artemis.core.server] AMQ221109: Apache Artemis Backup Server version 2.53.0 [null] started; waiting for primary to fail before activating
2026-03-28 18:03:53,329 INFO  [org.apache.activemq.artemis.core.server] AMQ221024: Backup server ActiveMQServerImpl::name=backup-broker is synchronized with primary server, nodeID=2d78b4cd-2a63-11f1-a10a-0a0027000007.
2026-03-28 18:03:53,345 INFO  [org.apache.activemq.artemis.core.server] AMQ221031: backup announced
2026-03-28 18:04:02,742 INFO  [io.hawt.web.proxy.ProxyServlet] Proxy servlet is disabled
2026-03-28 18:04:02,872 INFO  [io.hawt.web.auth.keycloak.KeycloakServlet] Keycloak integration is disabled
2026-03-28 18:04:02,885 INFO  [io.hawt.web.auth.AuthConfigurationServlet] OpenID Connection integration is disabled
2026-03-28 18:04:15,254 INFO  [io.hawt.web.auth.LoginServlet] Hawtio login is using 1800 sec. HttpSession timeout
2026-03-28 18:04:15,473 INFO  [io.hawt.web.auth.LoginServlet] Logging in user: admin
2026-03-28 18:11:21,859 INFO  [org.apache.activemq.artemis] AMQ241005: Stopping embedded web server
2026-03-28 18:11:21,881 INFO  [io.hawt.HawtioContextListener] Destroying Hawtio services
2026-03-28 18:11:21,896 INFO  [org.apache.activemq.artemis] AMQ241006: Stopped embedded web server
2026-03-28 18:11:21,898 INFO  [org.apache.activemq.artemis.core.server] AMQ221002: Apache Artemis Message Broker version 2.53.0 [2d78b4cd-2a63-11f1-a10a-0a0027000007] stopped, uptime 7 minutes
